Compiled jquery.js  (2ms)  (pid 8415)
Compiled jquery_ujs.js  (0ms)  (pid 8415)
Compiled bootstrap-alert.js  (0ms)  (pid 8415)
Compiled bootstrap-button.js  (0ms)  (pid 8415)
Compiled bootstrap-carousel.js  (0ms)  (pid 8415)
Compiled bootstrap-collapse.js  (0ms)  (pid 8415)
Compiled bootstrap-dropdown.js  (0ms)  (pid 8415)
Compiled bootstrap-modal.js  (0ms)  (pid 8415)
Compiled bootstrap-tooltip.js  (2ms)  (pid 8415)
Compiled bootstrap-popover.js  (0ms)  (pid 8415)
Compiled bootstrap-scrollspy.js  (0ms)  (pid 8415)
Compiled bootstrap-tab.js  (0ms)  (pid 8415)
Compiled bootstrap-transition.js  (0ms)  (pid 8415)
Compiled bootstrap-typeahead.js  (0ms)  (pid 8415)
Compiled twitter-bootstrap-plugins.js  (300ms)  (pid 8415)
Compiled ember.js  (9ms)  (pid 8415)
Compiled resources/tweets/tweets.js  (88ms)  (pid 8415)
Compiled resources/tweets/models/tweet.js  (99ms)  (pid 8415)
Compiled resources/tweets/controllers/tweets_controller.js  (100ms)  (pid 8415)
Compiled resources/tweets/views/tweets/index_view.js  (92ms)  (pid 8415)
Compiled resources/tweets/views/tweets/show_view.js  (89ms)  (pid 8415)
Compiled resources/tweets/templates/tweets/index_template.js  (184ms)  (pid 8415)
Compiled resources/tweets/templates/tweets/show_template.js  (171ms)  (pid 8415)
Compiled tweets.js  (1031ms)  (pid 8415)
Compiled application.js  (1435ms)  (pid 8415)
Compiled templates/application.js  (174ms)  (pid 8415)
Compiled base.css  (4024ms)  (pid 8415)
Compiled layout/docs.css  (204ms)  (pid 8415)
Compiled layout/navigation.css  (2ms)  (pid 8415)
Compiled application.css  (4257ms)  (pid 8415)
Compiled jquery.js  (2ms)  (pid 8415)
Compiled jquery_ujs.js  (0ms)  (pid 8415)
Compiled bootstrap-alert.js  (1ms)  (pid 8415)
Compiled bootstrap-button.js  (0ms)  (pid 8415)
Compiled bootstrap-carousel.js  (0ms)  (pid 8415)
Compiled bootstrap-collapse.js  (2ms)  (pid 8415)
Compiled bootstrap-dropdown.js  (0ms)  (pid 8415)
Compiled bootstrap-modal.js  (0ms)  (pid 8415)
Compiled bootstrap-tooltip.js  (0ms)  (pid 8415)
Compiled bootstrap-popover.js  (0ms)  (pid 8415)
Compiled bootstrap-scrollspy.js  (0ms)  (pid 8415)
Compiled bootstrap-tab.js  (0ms)  (pid 8415)
Compiled bootstrap-transition.js  (4ms)  (pid 8415)
Compiled bootstrap-typeahead.js  (0ms)  (pid 8415)
Compiled twitter-bootstrap-plugins.js  (298ms)  (pid 8415)
Compiled ember.js  (46ms)  (pid 8415)
Compiled resources/tweets/tweets.js  (121ms)  (pid 8415)
Compiled resources/tweets/models/tweet.js  (103ms)  (pid 8415)
Compiled resources/tweets/controllers/tweets_controller.js  (113ms)  (pid 8415)
Compiled resources/tweets/views/tweets/index_view.js  (133ms)  (pid 8415)
Compiled resources/tweets/views/tweets/show_view.js  (95ms)  (pid 8415)
Compiled resources/tweets/templates/tweets/index_template.js  (190ms)  (pid 8415)
Compiled resources/tweets/templates/tweets/show_template.js  (183ms)  (pid 8415)
Compiled tweets.js  (1029ms)  (pid 8415)
Compiled application.js  (1434ms)  (pid 8415)
Compiled templates/application.js  (172ms)  (pid 8415)
Compiled base.css  (3959ms)  (pid 8415)
Compiled layout/docs.css  (132ms)  (pid 8415)
Compiled layout/navigation.css  (5ms)  (pid 8415)
Compiled application.css  (4204ms)  (pid 8415)
Compiled jquery.js  (2ms)  (pid 22005)
Compiled jquery_ujs.js  (0ms)  (pid 22005)
Compiled bootstrap-alert.js  (1ms)  (pid 22005)
Compiled bootstrap-button.js  (0ms)  (pid 22005)
Compiled bootstrap-carousel.js  (0ms)  (pid 22005)
Compiled bootstrap-collapse.js  (1ms)  (pid 22005)
Compiled bootstrap-dropdown.js  (0ms)  (pid 22005)
Compiled bootstrap-modal.js  (0ms)  (pid 22005)
Compiled bootstrap-tooltip.js  (39ms)  (pid 22005)
Compiled bootstrap-popover.js  (0ms)  (pid 22005)
Compiled bootstrap-scrollspy.js  (0ms)  (pid 22005)
Compiled bootstrap-tab.js  (0ms)  (pid 22005)
Compiled bootstrap-transition.js  (0ms)  (pid 22005)
Compiled bootstrap-typeahead.js  (0ms)  (pid 22005)
Compiled twitter-bootstrap-plugins.js  (271ms)  (pid 22005)
Compiled ember.js  (43ms)  (pid 22005)
Compiled application.js  (359ms)  (pid 22005)
Compiled base.css  (4288ms)  (pid 22005)
Compiled layout/docs.css  (165ms)  (pid 22005)
Compiled layout/navigation.css  (2ms)  (pid 22005)
Compiled application.css  (4476ms)  (pid 22005)
Compiled jquery.js  (2ms)  (pid 22005)
Compiled jquery_ujs.js  (0ms)  (pid 22005)
Compiled bootstrap-alert.js  (0ms)  (pid 22005)
Compiled bootstrap-button.js  (0ms)  (pid 22005)
Compiled bootstrap-carousel.js  (0ms)  (pid 22005)
Compiled bootstrap-collapse.js  (0ms)  (pid 22005)
Compiled bootstrap-dropdown.js  (0ms)  (pid 22005)
Compiled bootstrap-modal.js  (0ms)  (pid 22005)
Compiled bootstrap-tooltip.js  (0ms)  (pid 22005)
Compiled bootstrap-popover.js  (0ms)  (pid 22005)
Compiled bootstrap-scrollspy.js  (0ms)  (pid 22005)
Compiled bootstrap-tab.js  (0ms)  (pid 22005)
Compiled bootstrap-transition.js  (0ms)  (pid 22005)
Compiled bootstrap-typeahead.js  (0ms)  (pid 22005)
Compiled twitter-bootstrap-plugins.js  (297ms)  (pid 22005)
Compiled ember.js  (10ms)  (pid 22005)
Compiled application.js  (391ms)  (pid 22005)
Compiled base.css  (4148ms)  (pid 22005)
Compiled layout/docs.css  (164ms)  (pid 22005)
Compiled layout/navigation.css  (2ms)  (pid 22005)
Compiled application.css  (4336ms)  (pid 22005)
